<?xml version="1.0" encoding="UTF-8"?>
<!-- Generated by org.testng.reporters.JUnitReportReporter -->
<testsuite skipped="0" hostname="Anusha" name="com.practice.google.GoogelTestCases" tests="2" failures="0" timestamp="24 Sep 2017 16:14:57 GMT" time="1.935" errors="0">
  <testcase name="getToAccountForm" time="1.882" classname="com.practice.google.GoogelTestCases"/>
  <testcase name="verifyForm" time="0.053" classname="com.practice.google.GoogelTestCases"/>
</testsuite> <!-- com.practice.google.GoogelTestCases -->
